  filesystem_win32.cc
LINK : warning LNK4098: defaultlib 'LIBCMTD' conflicts with use of other libs; use /NODEFAULTLIB:library
object.obj : error LNK2019: unresolved external symbol "void __cdecl warning(char const *,...)" (?warning@@YAXPBDZZ) referenced in function "int __cdecl Fitd::copyObjectToActor(int,int,int,short,int,int,int,int,int,int,int,int,int,int,int,int)" (?copyObjectToActor@Fitd@@YAHHHHFHHHHHHHHHHHH@Z)
osystemSDL_GL.obj : error LNK2001: unresolved external symbol "void __cdecl warning(char const *,...)" (?warning@@YAXPBDZZ)
pak.obj : error LNK2001: unresolved external symbol "void __cdecl warning(char const *,...)" (?warning@@YAXPBDZZ)
renderer.obj : error LNK2001: unresolved external symbol "void __cdecl warning(char const *,...)" (?warning@@YAXPBDZZ)
anim_action.obj : error LNK2001: unresolved external symbol "void __cdecl warning(char const *,...)" (?warning@@YAXPBDZZ)
fitd.obj : error LNK2001: unresolved external symbol "void __cdecl warning(char const *,...)" (?warning@@YAXPBDZZ)
life.obj : error LNK2001: unresolved external symbol "void __cdecl warning(char const *,...)" (?warning@@YAXPBDZZ)
main.obj : error LNK2001: unresolved external symbol "void __cdecl warning(char const *,...)" (?warning@@YAXPBDZZ)
renderer.obj : error LNK2001: unresolved external symbol "void __cdecl error(char const *,...)" (?error@@YAXPBDZZ)
textes.obj : error LNK2001: unresolved external symbol "void __cdecl error(char const *,...)" (?error@@YAXPBDZZ)
track.obj : error LNK2001: unresolved external symbol "void __cdecl error(char const *,...)" (?error@@YAXPBDZZ)
unpack.obj : error LNK2001: unresolved external symbol "void __cdecl error(char const *,...)" (?error@@YAXPBDZZ)
main.obj : error LNK2001: unresolved external symbol "void __cdecl error(char const *,...)" (?error@@YAXPBDZZ)
music.obj : error LNK2001: unresolved external symbol "void __cdecl error(char const *,...)" (?error@@YAXPBDZZ)
object.obj : error LNK2001: unresolved external symbol "void __cdecl error(char const *,...)" (?error@@YAXPBDZZ)
osystemSDL_GL.obj : error LNK2001: unresolved external symbol "void __cdecl error(char const *,...)" (?error@@YAXPBDZZ)
eval_var.obj : error LNK2001: unresolved external symbol "void __cdecl error(char const *,...)" (?error@@YAXPBDZZ)
file_access.obj : error LNK2001: unresolved external symbol "void __cdecl error(char const *,...)" (?error@@YAXPBDZZ)
fitd.obj : error LNK2001: unresolved external symbol "void __cdecl error(char const *,...)" (?error@@YAXPBDZZ)
life.obj : error LNK2001: unresolved external symbol "void __cdecl error(char const *,...)" (?error@@YAXPBDZZ)
osystemSDL_GL.obj : error LNK2019: unresolved external symbol _gluNewQuadric@0 referenced in function "public: void __thiscall Fitd::GFXSystem::init(void)" (?init@GFXSystem@Fitd@@QAEXXZ)
osystemSDL_GL.obj : error LNK2019: unresolved external symbol _gluDisk@28 referenced in function "public: void __thiscall Fitd::GFXSystem::drawSphere(float,float,float,unsigned char,float)" (?drawSphere@GFXSystem@Fitd@@QAEXMMMEM@Z)
osystemSDL_GL.obj : error LNK2019: unresolved external symbol _gluNewTess@0 referenced in function "public: void __thiscall Fitd::GFXSystem::init(void)" (?init@GFXSystem@Fitd@@QAEXXZ)
osystemSDL_GL.obj : error LNK2019: unresolved external symbol _gluTessBeginPolygon@8 referenced in function "public: void __thiscall Fitd::GFXSystem::startBgPoly(void)" (?startBgPoly@GFXSystem@Fitd@@QAEXXZ)
osystemSDL_GL.obj : error LNK2019: unresolved external symbol _gluTessBeginContour@4 referenced in function "public: void __thiscall Fitd::GFXSystem::startBgPoly(void)" (?startBgPoly@GFXSystem@Fitd@@QAEXXZ)
osystemSDL_GL.obj : error LNK2019: unresolved external symbol _gluTessVertex@12 referenced in function "public: void __thiscall Fitd::GFXSystem::addBgPolyPoint(int,int)" (?addBgPolyPoint@GFXSystem@Fitd@@QAEXHH@Z)
osystemSDL_GL.obj : error LNK2019: unresolved external symbol _gluTessEndContour@4 referenced in function "public: void __thiscall Fitd::GFXSystem::endBgPoly(void)" (?endBgPoly@GFXSystem@Fitd@@QAEXXZ)
osystemSDL_GL.obj : error LNK2019: unresolved external symbol _gluTessEndPolygon@4 referenced in function "public: void __thiscall Fitd::GFXSystem::endBgPoly(void)" (?endBgPoly@GFXSystem@Fitd@@QAEXXZ)
osystemSDL_GL.obj : error LNK2019: unresolved external symbol _gluTessCallback@12 referenced in function "public: void __thiscall Fitd::GFXSystem::init(void)" (?init@GFXSystem@Fitd@@QAEXXZ)
MSVCRTD.lib(exe_main.obj) : error LNK2019: unresolved external symbol _main referenced in function "int __cdecl invoke_main(void)" (?invoke_main@@YAHXZ)
C:\projects\INTHEDARK\BUILD\Debug\EITD.exe : fatal error LNK1120: 12 unresolved externals
