c:\projects\inthedark\build\eitd.dir\relwithdebinfo\vc142.pdb
c:\projects\inthedark\build\eitd.dir\relwithdebinfo\life.obj
c:\projects\inthedark\build\eitd.dir\relwithdebinfo\inventory.obj
c:\projects\inthedark\build\eitd.dir\relwithdebinfo\input.obj
c:\projects\inthedark\build\eitd.dir\relwithdebinfo\hqr.obj
c:\projects\inthedark\build\eitd.dir\relwithdebinfo\gfx.obj
c:\projects\inthedark\build\eitd.dir\relwithdebinfo\font.obj
c:\projects\inthedark\build\eitd.dir\relwithdebinfo\fmopl.obj
c:\projects\inthedark\build\eitd.dir\relwithdebinfo\floor.obj
c:\projects\inthedark\build\eitd.dir\relwithdebinfo\fitd.obj
c:\projects\inthedark\build\eitd.dir\relwithdebinfo\file_access.obj
c:\projects\inthedark\build\eitd.dir\relwithdebinfo\filestream.obj
c:\projects\inthedark\build\eitd.dir\relwithdebinfo\eval_var.obj
c:\projects\inthedark\build\eitd.dir\relwithdebinfo\debug_font.obj
c:\projects\inthedark\build\eitd.dir\relwithdebinfo\debugger.obj
c:\projects\inthedark\build\eitd.dir\relwithdebinfo\cos_table.obj
c:\projects\inthedark\build\eitd.dir\relwithdebinfo\anim_action.obj
c:\projects\inthedark\build\eitd.dir\relwithdebinfo\anim.obj
c:\projects\inthedark\build\eitd.dir\relwithdebinfo\aitd_box.obj
c:\projects\inthedark\build\eitd.dir\relwithdebinfo\actor_list.obj
c:\projects\inthedark\build\eitd.dir\relwithdebinfo\actor.obj
c:\projects\inthedark\build\eitd.dir\relwithdebinfo\system_menu.obj
c:\projects\inthedark\build\eitd.dir\relwithdebinfo\startup_menu.obj
c:\projects\inthedark\build\eitd.dir\relwithdebinfo\sequence.obj
c:\projects\inthedark\build\eitd.dir\relwithdebinfo\screen.obj
c:\projects\inthedark\build\eitd.dir\relwithdebinfo\save.obj
c:\projects\inthedark\build\eitd.dir\relwithdebinfo\room.obj
c:\projects\inthedark\build\eitd.dir\relwithdebinfo\resource.obj
c:\projects\inthedark\build\eitd.dir\relwithdebinfo\renderer.obj
c:\projects\inthedark\build\eitd.dir\relwithdebinfo\polys.obj
c:\projects\inthedark\build\eitd.dir\relwithdebinfo\palette.obj
c:\projects\inthedark\build\eitd.dir\relwithdebinfo\pak.obj
c:\projects\inthedark\build\eitd.dir\relwithdebinfo\osystemsdl_gl.obj
c:\projects\inthedark\build\eitd.dir\relwithdebinfo\osystemsdl.obj
c:\projects\inthedark\build\eitd.dir\relwithdebinfo\object.obj
c:\projects\inthedark\build\eitd.dir\relwithdebinfo\music.obj
c:\projects\inthedark\build\eitd.dir\relwithdebinfo\main_loop.obj
c:\projects\inthedark\build\eitd.dir\relwithdebinfo\main.obj
c:\projects\inthedark\build\eitd.dir\relwithdebinfo\lines.obj
c:\projects\inthedark\build\eitd.dir\relwithdebinfo\life_macro_table.obj
c:\projects\inthedark\build\eitd.dir\relwithdebinfo\life_2.obj
c:\projects\inthedark\build\eitd.dir\relwithdebinfo\filesystem_win32.obj
c:\projects\inthedark\build\eitd.dir\relwithdebinfo\epi_win32.obj
c:\projects\inthedark\build\eitd.dir\relwithdebinfo\textconsole.obj
c:\projects\inthedark\build\eitd.dir\relwithdebinfo\zv.obj
c:\projects\inthedark\build\eitd.dir\relwithdebinfo\video_mode.obj
c:\projects\inthedark\build\eitd.dir\relwithdebinfo\version.obj
c:\projects\inthedark\build\eitd.dir\relwithdebinfo\vars.obj
c:\projects\inthedark\build\eitd.dir\relwithdebinfo\unpack.obj
c:\projects\inthedark\build\eitd.dir\relwithdebinfo\track.obj
c:\projects\inthedark\build\eitd.dir\relwithdebinfo\timer.obj
c:\projects\inthedark\build\eitd.dir\relwithdebinfo\thread_code.obj
c:\projects\inthedark\build\eitd.dir\relwithdebinfo\textes.obj
c:\projects\inthedark\build\eitd.dir\relwithdebinfo\tatou.obj
c:\projects\inthedark\build\cmakefiles\generate.stamp
c:\projects\inthedark\build\relwithdebinfo\eitd.pdb
c:\projects\inthedark\build\eitd.dir\relwithdebinfo\eitd.tlog\cl.command.1.tlog
c:\projects\inthedark\build\eitd.dir\relwithdebinfo\eitd.tlog\cl.read.1.tlog
c:\projects\inthedark\build\eitd.dir\relwithdebinfo\eitd.tlog\cl.write.1.tlog
c:\projects\inthedark\build\eitd.dir\relwithdebinfo\eitd.tlog\custombuild.command.1.tlog
c:\projects\inthedark\build\eitd.dir\relwithdebinfo\eitd.tlog\custombuild.read.1.tlog
c:\projects\inthedark\build\eitd.dir\relwithdebinfo\eitd.tlog\custombuild.write.1.tlog
c:\projects\inthedark\build\eitd.dir\relwithdebinfo\eitd.tlog\link-cvtres.read.1.tlog
c:\projects\inthedark\build\eitd.dir\relwithdebinfo\eitd.tlog\link-cvtres.write.1.tlog
c:\projects\inthedark\build\eitd.dir\relwithdebinfo\eitd.tlog\link-mt.read.1.tlog
c:\projects\inthedark\build\eitd.dir\relwithdebinfo\eitd.tlog\link-mt.write.1.tlog
c:\projects\inthedark\build\eitd.dir\relwithdebinfo\eitd.tlog\link-rc.read.1.tlog
c:\projects\inthedark\build\eitd.dir\relwithdebinfo\eitd.tlog\link-rc.write.1.tlog
c:\projects\inthedark\build\eitd.dir\relwithdebinfo\eitd.tlog\link.command.1.tlog
c:\projects\inthedark\build\eitd.dir\relwithdebinfo\eitd.tlog\link.read.1.tlog
c:\projects\inthedark\build\eitd.dir\relwithdebinfo\eitd.tlog\link.read.2.tlog
c:\projects\inthedark\build\eitd.dir\relwithdebinfo\eitd.tlog\link.write.1.tlog
