c:\projects\fitd-residualvm\win32\msvc 2020\releasegl + debug\vc142.pdb
c:\projects\fitd-residualvm\win32\msvc 2020\releasegl + debug\lines.obj
c:\projects\fitd-residualvm\win32\msvc 2020\releasegl + debug\life_2.obj
c:\projects\fitd-residualvm\win32\msvc 2020\releasegl + debug\life_macro_table.obj
c:\projects\fitd-residualvm\win32\msvc 2020\releasegl + debug\life.obj
c:\projects\fitd-residualvm\win32\msvc 2020\releasegl + debug\inventory.obj
c:\projects\fitd-residualvm\win32\msvc 2020\releasegl + debug\hqr.obj
c:\projects\fitd-residualvm\win32\msvc 2020\releasegl + debug\font.obj
c:\projects\fitd-residualvm\win32\msvc 2020\releasegl + debug\fmopl.obj
c:\projects\fitd-residualvm\win32\msvc 2020\releasegl + debug\floor.obj
c:\projects\fitd-residualvm\win32\msvc 2020\releasegl + debug\file_access.obj
c:\projects\fitd-residualvm\win32\msvc 2020\releasegl + debug\eval_var.obj
c:\projects\fitd-residualvm\win32\msvc 2020\releasegl + debug\debugger.obj
c:\projects\fitd-residualvm\win32\msvc 2020\releasegl + debug\debug_font.obj
c:\projects\fitd-residualvm\win32\msvc 2020\releasegl + debug\cos_table.obj
c:\projects\fitd-residualvm\win32\msvc 2020\releasegl + debug\anim_action.obj
c:\projects\fitd-residualvm\win32\msvc 2020\releasegl + debug\anim.obj
c:\projects\fitd-residualvm\win32\msvc 2020\releasegl + debug\aitd_box.obj
c:\projects\fitd-residualvm\win32\msvc 2020\releasegl + debug\actor_list.obj
c:\projects\fitd-residualvm\win32\msvc 2020\releasegl + debug\vars.obj
c:\projects\fitd-residualvm\win32\msvc 2020\releasegl + debug\track.obj
c:\projects\fitd-residualvm\win32\msvc 2020\releasegl + debug\tatou.obj
c:\projects\fitd-residualvm\win32\msvc 2020\releasegl + debug\system_menu.obj
c:\projects\fitd-residualvm\win32\msvc 2020\releasegl + debug\startup_menu.obj
c:\projects\fitd-residualvm\win32\msvc 2020\releasegl + debug\sequence.obj
c:\projects\fitd-residualvm\win32\msvc 2020\releasegl + debug\screen.obj
c:\projects\fitd-residualvm\win32\msvc 2020\releasegl + debug\save.obj
c:\projects\fitd-residualvm\win32\msvc 2020\releasegl + debug\room.obj
c:\projects\fitd-residualvm\win32\msvc 2020\releasegl + debug\renderer.obj
c:\projects\fitd-residualvm\win32\msvc 2020\releasegl + debug\polys.obj
c:\projects\fitd-residualvm\win32\msvc 2020\releasegl + debug\pak.obj
c:\projects\fitd-residualvm\win32\msvc 2020\releasegl + debug\osystemsdl.obj
c:\projects\fitd-residualvm\win32\msvc 2020\releasegl + debug\object.obj
c:\projects\fitd-residualvm\win32\msvc 2020\releasegl + debug\music.obj
c:\projects\fitd-residualvm\win32\msvc 2020\releasegl + debug\main_loop.obj
c:\projects\fitd-residualvm\win32\msvc 2020\releasegl + debug\zv.obj
c:\projects\fitd-residualvm\win32\msvc 2020\releasegl + debug\video_mode.obj
c:\projects\fitd-residualvm\win32\msvc 2020\releasegl + debug\version.obj
c:\projects\fitd-residualvm\win32\msvc 2020\releasegl + debug\timer.obj
c:\projects\fitd-residualvm\win32\msvc 2020\releasegl + debug\main.obj
c:\projects\fitd-residualvm\win32\msvc 2020\releasegl + debug\unpack.obj
c:\projects\fitd-residualvm\win32\msvc 2020\releasegl + debug\input.obj
c:\projects\fitd-residualvm\win32\msvc 2020\releasegl + debug\thread_code.obj
c:\projects\fitd-residualvm\win32\msvc 2020\releasegl + debug\osystemsdl_gl.obj
c:\projects\fitd-residualvm\win32\msvc 2020\releasegl + debug\fitd.pdb
c:\projects\fitd-residualvm\win32\msvc 2020\releasegl + debug\fitd.tlog\cl.command.1.tlog
c:\projects\fitd-residualvm\win32\msvc 2020\releasegl + debug\fitd.tlog\cl.read.1.tlog
c:\projects\fitd-residualvm\win32\msvc 2020\releasegl + debug\fitd.tlog\cl.write.1.tlog
c:\projects\fitd-residualvm\win32\msvc 2020\releasegl + debug\fitd.tlog\link-cvtres.read.1.tlog
c:\projects\fitd-residualvm\win32\msvc 2020\releasegl + debug\fitd.tlog\link-cvtres.write.1.tlog
c:\projects\fitd-residualvm\win32\msvc 2020\releasegl + debug\fitd.tlog\link-rc.read.1.tlog
c:\projects\fitd-residualvm\win32\msvc 2020\releasegl + debug\fitd.tlog\link-rc.write.1.tlog
c:\projects\fitd-residualvm\win32\msvc 2020\releasegl + debug\fitd.tlog\link.command.1.tlog
c:\projects\fitd-residualvm\win32\msvc 2020\releasegl + debug\fitd.tlog\link.read.1.tlog
c:\projects\fitd-residualvm\win32\msvc 2020\releasegl + debug\fitd.tlog\link.write.1.tlog
