  actor_list.cpp
  aitd_box.cpp
  anim.cpp
  anim_action.cpp
  cos_table.cpp
  debug_font.cpp
  debugger.cpp
  eval_var.cpp
  file_access.cpp
  floor.cpp
  fmopl.cpp
  font.cpp
  hqr.cpp
  input.cpp
  inventory.cpp
  life.cpp
  life_macro_table.cpp
  life_2.cpp
  lines.cpp
  main.cpp
  Generating Code...
C:\projects\fitd-residualvm\src\eval_var.cpp(791): warning C4715: 'Fitd::evalVar2': not all control paths return a value
C:\projects\fitd-residualvm\src\eval_var.cpp(474): warning C4715: 'Fitd::evalVar': not all control paths return a value
  Compiling...
  main_loop.cpp
  music.cpp
  object.cpp
  osystemSDL.cpp
  osystemSDL_GL.cpp
C:\projects\fitd-residualvm\src\osystemSDL_GL.cpp(23,1): warning C4005: 'USE_GL': macro redefinition
C:\projects\fitd-residualvm\src\osystemSDL_GL.cpp : message : see previous definition of 'USE_GL'
  pak.cpp
  polys.cpp
  renderer.cpp
  room.cpp
  save.cpp
  screen.cpp
  sequence.cpp
  startup_menu.cpp
  system_menu.cpp
  tatou.cpp
  thread_code.cpp
  timer.cpp
  track.cpp
  unpack.cpp
  vars.cpp
  Generating Code...
  Compiling...
  version.cpp
  video_mode.cpp
  zv.cpp
  Generating Code...
LINK : warning LNK4098: defaultlib 'LIBCMT' conflicts with use of other libs; use /NODEFAULTLIB:library
vars.obj : error LNK2001: unresolved external symbol "public: unsigned int __thiscall Fitd::FitdEngine::getGameType(void)" (?getGameType@FitdEngine@Fitd@@QAEIXZ)
object.obj : error LNK2001: unresolved external symbol "public: unsigned int __thiscall Fitd::FitdEngine::getGameType(void)" (?getGameType@FitdEngine@Fitd@@QAEIXZ)
room.obj : error LNK2001: unresolved external symbol "public: unsigned int __thiscall Fitd::FitdEngine::getGameType(void)" (?getGameType@FitdEngine@Fitd@@QAEIXZ)
save.obj : error LNK2001: unresolved external symbol "public: unsigned int __thiscall Fitd::FitdEngine::getGameType(void)" (?getGameType@FitdEngine@Fitd@@QAEIXZ)
sequence.obj : error LNK2001: unresolved external symbol "public: unsigned int __thiscall Fitd::FitdEngine::getGameType(void)" (?getGameType@FitdEngine@Fitd@@QAEIXZ)
life.obj : error LNK2001: unresolved external symbol "public: unsigned int __thiscall Fitd::FitdEngine::getGameType(void)" (?getGameType@FitdEngine@Fitd@@QAEIXZ)
main.obj : error LNK2001: unresolved external symbol "public: unsigned int __thiscall Fitd::FitdEngine::getGameType(void)" (?getGameType@FitdEngine@Fitd@@QAEIXZ)
main_loop.obj : error LNK2001: unresolved external symbol "public: unsigned int __thiscall Fitd::FitdEngine::getGameType(void)" (?getGameType@FitdEngine@Fitd@@QAEIXZ)
music.obj : error LNK2001: unresolved external symbol "public: unsigned int __thiscall Fitd::FitdEngine::getGameType(void)" (?getGameType@FitdEngine@Fitd@@QAEIXZ)
aitd_box.obj : error LNK2001: unresolved external symbol "public: unsigned int __thiscall Fitd::FitdEngine::getGameType(void)" (?getGameType@FitdEngine@Fitd@@QAEIXZ)
eval_var.obj : error LNK2001: unresolved external symbol "public: unsigned int __thiscall Fitd::FitdEngine::getGameType(void)" (?getGameType@FitdEngine@Fitd@@QAEIXZ)
floor.obj : error LNK2001: unresolved external symbol "public: unsigned int __thiscall Fitd::FitdEngine::getGameType(void)" (?getGameType@FitdEngine@Fitd@@QAEIXZ)
font.obj : error LNK2001: unresolved external symbol "public: unsigned int __thiscall Fitd::FitdEngine::getGameType(void)" (?getGameType@FitdEngine@Fitd@@QAEIXZ)
anim_action.obj : error LNK2019: unresolved external symbol "int __cdecl Fitd::processActor1Sub1(int,struct Fitd::ZVStruct *)" (?processActor1Sub1@Fitd@@YAHHPAUZVStruct@1@@Z) referenced in function "void __cdecl Fitd::processAnimAction(void)" (?processAnimAction@Fitd@@YAXXZ)
anim_action.obj : error LNK2019: unresolved external symbol "struct Fitd::sceZoneStruct * __cdecl Fitd::processActor2Sub(int,int,int,struct Fitd::roomDataStruct *)" (?processActor2Sub@Fitd@@YAPAUsceZoneStruct@1@HHHPAUroomDataStruct@1@@Z) referenced in function "void __cdecl Fitd::processAnimAction(void)" (?processAnimAction@Fitd@@YAXXZ)
osystemSDL_GL.obj : error LNK2001: unresolved external symbol "void __cdecl warning(char const *,...)" (?warning@@YAXPBDZZ)
pak.obj : error LNK2001: unresolved external symbol "void __cdecl warning(char const *,...)" (?warning@@YAXPBDZZ)
renderer.obj : error LNK2001: unresolved external symbol "void __cdecl warning(char const *,...)" (?warning@@YAXPBDZZ)
anim_action.obj : error LNK2001: unresolved external symbol "void __cdecl warning(char const *,...)" (?warning@@YAXPBDZZ)
life.obj : error LNK2001: unresolved external symbol "void __cdecl warning(char const *,...)" (?warning@@YAXPBDZZ)
main.obj : error LNK2001: unresolved external symbol "void __cdecl warning(char const *,...)" (?warning@@YAXPBDZZ)
object.obj : error LNK2001: unresolved external symbol "void __cdecl warning(char const *,...)" (?warning@@YAXPBDZZ)
track.obj : error LNK2019: unresolved external symbol "void __cdecl error(char const *,...)" (?error@@YAXPBDZZ) referenced in function "void __cdecl Fitd::processTrack(void)" (?processTrack@Fitd@@YAXXZ)
unpack.obj : error LNK2001: unresolved external symbol "void __cdecl error(char const *,...)" (?error@@YAXPBDZZ)
music.obj : error LNK2001: unresolved external symbol "void __cdecl error(char const *,...)" (?error@@YAXPBDZZ)
object.obj : error LNK2001: unresolved external symbol "void __cdecl error(char const *,...)" (?error@@YAXPBDZZ)
osystemSDL_GL.obj : error LNK2001: unresolved external symbol "void __cdecl error(char const *,...)" (?error@@YAXPBDZZ)
renderer.obj : error LNK2001: unresolved external symbol "void __cdecl error(char const *,...)" (?error@@YAXPBDZZ)
eval_var.obj : error LNK2001: unresolved external symbol "void __cdecl error(char const *,...)" (?error@@YAXPBDZZ)
file_access.obj : error LNK2001: unresolved external symbol "void __cdecl error(char const *,...)" (?error@@YAXPBDZZ)
life.obj : error LNK2001: unresolved external symbol "void __cdecl error(char const *,...)" (?error@@YAXPBDZZ)
main.obj : error LNK2001: unresolved external symbol "void __cdecl error(char const *,...)" (?error@@YAXPBDZZ)
eval_var.obj : error LNK2019: unresolved external symbol "public: unsigned int __thiscall Fitd::FitdEngine::randRange(int,int)" (?randRange@FitdEngine@Fitd@@QAEIHH@Z) referenced in function "int __cdecl Fitd::evalVar(void)" (?evalVar@Fitd@@YAHXZ)
life.obj : error LNK2001: unresolved external symbol "public: unsigned int __thiscall Fitd::FitdEngine::randRange(int,int)" (?randRange@FitdEngine@Fitd@@QAEIHH@Z)
osystemSDL_GL.obj : error LNK2001: unresolved external symbol "public: unsigned int __thiscall Fitd::FitdEngine::randRange(int,int)" (?randRange@FitdEngine@Fitd@@QAEIHH@Z)
floor.obj : error LNK2019: unresolved external symbol "public: char * __thiscall Fitd::ResourceLoader::loadPakSafe(char const *,int)" (?loadPakSafe@ResourceLoader@Fitd@@QAEPADPBDH@Z) referenced in function "void __cdecl Fitd::loadFloor(int)" (?loadFloor@Fitd@@YAXH@Z)
tatou.obj : error LNK2001: unresolved external symbol "public: char * __thiscall Fitd::ResourceLoader::loadPakSafe(char const *,int)" (?loadPakSafe@ResourceLoader@Fitd@@QAEPADPBDH@Z)
floor.obj : error LNK2001: unresolved external symbol "class Fitd::ResourceLoader * Fitd::g_resourceLoader" (?g_resourceLoader@Fitd@@3PAVResourceLoader@1@A)
main.obj : error LNK2001: unresolved external symbol "class Fitd::ResourceLoader * Fitd::g_resourceLoader" (?g_resourceLoader@Fitd@@3PAVResourceLoader@1@A)
tatou.obj : error LNK2001: unresolved external symbol "class Fitd::ResourceLoader * Fitd::g_resourceLoader" (?g_resourceLoader@Fitd@@3PAVResourceLoader@1@A)
font.obj : error LNK2019: unresolved external symbol "public: struct Fitd::textEntryStruct * __thiscall Fitd::Textes::getTextFromIdx(int)" (?getTextFromIdx@Textes@Fitd@@QAEPAUtextEntryStruct@2@H@Z) referenced in function "void __cdecl Fitd::drawSlectedText(int,int,int,int,int)" (?drawSlectedText@Fitd@@YAXHHHHH@Z)
main.obj : error LNK2001: unresolved external symbol "public: struct Fitd::textEntryStruct * __thiscall Fitd::Textes::getTextFromIdx(int)" (?getTextFromIdx@Textes@Fitd@@QAEPAUtextEntryStruct@2@H@Z)
font.obj : error LNK2001: unresolved external symbol "class Fitd::Textes * Fitd::g_textes" (?g_textes@Fitd@@3PAVTextes@1@A)
main.obj : error LNK2001: unresolved external symbol "class Fitd::Textes * Fitd::g_textes" (?g_textes@Fitd@@3PAVTextes@1@A)
main.obj : error LNK2019: unresolved external symbol "public: __thiscall Fitd::FitdEngine::FitdEngine(void)" (??0FitdEngine@Fitd@@QAE@XZ) referenced in function _SDL_main
main.obj : error LNK2019: unresolved external symbol "public: void __thiscall Fitd::FitdEngine::run(void)" (?run@FitdEngine@Fitd@@QAEXXZ) referenced in function _SDL_main
main.obj : error LNK2019: unresolved external symbol "public: int __thiscall Fitd::FitdEngine::getNumCVars(void)" (?getNumCVars@FitdEngine@Fitd@@QAEHXZ) referenced in function "void __cdecl Fitd::initEngine(void)" (?initEngine@Fitd@@YAXXZ)
save.obj : error LNK2001: unresolved external symbol "public: int __thiscall Fitd::FitdEngine::getNumCVars(void)" (?getNumCVars@FitdEngine@Fitd@@QAEHXZ)
main.obj : error LNK2019: unresolved external symbol "public: int __thiscall Fitd::FitdEngine::getCVarsIdx(enum Fitd::enumCVars)" (?getCVarsIdx@FitdEngine@Fitd@@QAEHW4enumCVars@2@@Z) referenced in function "int __cdecl Fitd::getCVarsIdx(enum Fitd::enumCVars)" (?getCVarsIdx@Fitd@@YAHW4enumCVars@1@@Z)
main.obj : error LNK2019: unresolved external symbol "int __cdecl Fitd::setupCameraSub1Sub1(int)" (?setupCameraSub1Sub1@Fitd@@YAHH@Z) referenced in function "void __cdecl Fitd::updateAllActorAndObjects(void)" (?updateAllActorAndObjects@Fitd@@YAXXZ)
main.obj : error LNK2019: unresolved external symbol "void __cdecl Fitd::setupCamera(void)" (?setupCamera@Fitd@@YAXXZ) referenced in function "void __cdecl Fitd::startGame(int,int,int)" (?startGame@Fitd@@YAXHHH@Z)
main_loop.obj : error LNK2001: unresolved external symbol "void __cdecl Fitd::setupCamera(void)" (?setupCamera@Fitd@@YAXXZ)
main.obj : error LNK2019: unresolved external symbol "public: char * __thiscall Fitd::ResourceLoader::loadFromItd(char const *)" (?loadFromItd@ResourceLoader@Fitd@@QAEPADPBD@Z) referenced in function "void __cdecl Fitd::initEngine(void)" (?initEngine@Fitd@@YAXXZ)
main.obj : error LNK2019: unresolved external symbol "public: int __thiscall Fitd::ResourceLoader::getFileSize(char const *)" (?getFileSize@ResourceLoader@Fitd@@QAEHPBD@Z) referenced in function "void __cdecl Fitd::initEngine(void)" (?initEngine@Fitd@@YAXXZ)
main.obj : error LNK2019: unresolved external symbol "public: class Common::SeekableReadStream * __thiscall Fitd::ResourceLoader::getFile(char const *)" (?getFile@ResourceLoader@Fitd@@QAEPAVSeekableReadStream@Common@@PBD@Z) referenced in function "void __cdecl Fitd::initEngine(void)" (?initEngine@Fitd@@YAXXZ)
main_loop.obj : error LNK2019: unresolved external symbol "public: void __thiscall Fitd::FitdEngine::delay(unsigned int)" (?delay@FitdEngine@Fitd@@QAEXI@Z) referenced in function "void __cdecl Fitd::mainLoop(int)" (?mainLoop@Fitd@@YAXH@Z)
sequence.obj : error LNK2001: unresolved external symbol "public: void __thiscall Fitd::FitdEngine::delay(unsigned int)" (?delay@FitdEngine@Fitd@@QAEXI@Z)
main_loop.obj : error LNK2019: unresolved external symbol "public: int __thiscall Fitd::FitdEngine::getTicks(void)" (?getTicks@FitdEngine@Fitd@@QAEHXZ) referenced in function "void __cdecl Fitd::mainLoop(int)" (?mainLoop@Fitd@@YAXH@Z)
sequence.obj : error LNK2001: unresolved external symbol "public: int __thiscall Fitd::FitdEngine::getTicks(void)" (?getTicks@FitdEngine@Fitd@@QAEHXZ)
main_loop.obj : error LNK2019: unresolved external symbol "void __cdecl Fitd::processActor1(void)" (?processActor1@Fitd@@YAXXZ) referenced in function "void __cdecl Fitd::mainLoop(int)" (?mainLoop@Fitd@@YAXH@Z)
main_loop.obj : error LNK2019: unresolved external symbol "void __cdecl Fitd::processActor2(void)" (?processActor2@Fitd@@YAXXZ) referenced in function "void __cdecl Fitd::mainLoop(int)" (?mainLoop@Fitd@@YAXH@Z)
main_loop.obj : error LNK2019: unresolved external symbol "void __cdecl Fitd::mainDraw(int)" (?mainDraw@Fitd@@YAXH@Z) referenced in function "void __cdecl Fitd::mainLoop(int)" (?mainLoop@Fitd@@YAXH@Z)
osystemSDL_GL.obj : error LNK2019: unresolved external symbol "public: __thiscall Fitd::Palette::Palette(char *)" (??0Palette@Fitd@@QAE@PAD@Z) referenced in function "public: __thiscall Fitd::GFXSystem::GFXSystem(void)" (??0GFXSystem@Fitd@@QAE@XZ)
pak.obj : error LNK2019: unresolved external symbol "public: __thiscall Common::ReadFileStream::ReadFileStream(char const *)" (??0ReadFileStream@Common@@QAE@PBD@Z) referenced in function "char * __cdecl Fitd::loadPak(char const *,int)" (?loadPak@Fitd@@YAPADPBDH@Z)
pak.obj : error LNK2019: unresolved external symbol "public: virtual __thiscall Common::ReadFileStream::~ReadFileStream(void)" (??1ReadFileStream@Common@@UAE@XZ) referenced in function "char * __cdecl Fitd::loadPak(char const *,int)" (?loadPak@Fitd@@YAPADPBDH@Z)
pak.obj : error LNK2019: unresolved external symbol "public: virtual bool __thiscall Common::ReadFileStream::isOpen(void)" (?isOpen@ReadFileStream@Common@@UAE_NXZ) referenced in function "char * __cdecl Fitd::loadPak(char const *,int)" (?loadPak@Fitd@@YAPADPBDH@Z)
pak.obj : error LNK2019: unresolved external symbol "public: virtual unsigned int __thiscall Common::ReadFileStream::read(unsigned char *,unsigned int)" (?read@ReadFileStream@Common@@UAEIPAEI@Z) referenced in function "char * __cdecl Fitd::loadPak(char const *,int)" (?loadPak@Fitd@@YAPADPBDH@Z)
pak.obj : error LNK2019: unresolved external symbol "public: virtual unsigned int __thiscall Common::ReadFileStream::readUint32LE(void)" (?readUint32LE@ReadFileStream@Common@@UAEIXZ) referenced in function "char * __cdecl Fitd::loadPak(char const *,int)" (?loadPak@Fitd@@YAPADPBDH@Z)
pak.obj : error LNK2019: unresolved external symbol "public: virtual void __thiscall Common::ReadFileStream::seek(int,int)" (?seek@ReadFileStream@Common@@UAEXHH@Z) referenced in function "char * __cdecl Fitd::loadPak(char const *,int)" (?loadPak@Fitd@@YAPADPBDH@Z)
pak.obj : error LNK2019: unresolved external symbol "public: virtual void __thiscall Common::ReadFileStream::close(void)" (?close@ReadFileStream@Common@@UAEXXZ) referenced in function "char * __cdecl Fitd::loadPak(char const *,int)" (?loadPak@Fitd@@YAPADPBDH@Z)
tatou.obj : error LNK2019: unresolved external symbol "public: void __thiscall Fitd::Palette::fill(unsigned char,unsigned char,unsigned int)" (?fill@Palette@Fitd@@QAEXEEI@Z) referenced in function "int __cdecl Fitd::make3dTatou(void)" (?make3dTatou@Fitd@@YAHXZ)
ReleaseGL + DEBUG\FITD.exe : fatal error LNK1120: 33 unresolved externals
