The system is: Windows - 10.0.22000 - AMD64
Compiling the C compiler identification source file "CMakeCCompilerId.c" succeeded.
Compiler:  
Build flags: 
Id flags:  

The output was:
0
Microsoft (R) Build Engine version 16.10.2+857e5a733 for .NET Framework
Copyright (C) Microsoft Corporation. All rights reserved.

Build started 8/13/2021 5:59:00 PM.
Project "C:\projects\INTHEDARK\BUILD\CMakeFiles\3.20.0-rc4\CompilerIdC\CompilerIdC.vcxproj" on node 1 (default targets).
PrepareForBuild:
  Creating directory "Debug\".
  Creating directory "Debug\CompilerIdC.tlog\".
InitializeBuildStatus:
  Creating "Debug\CompilerIdC.tlog\unsuccessfulbuild" because "AlwaysCreate" was specified.
VcpkgTripletSelection:
  Using triplet "x86-windows" from "C:\dev\vcpkg\scripts\buildsystems\msbuild\..\..\..\installed\x86-windows\"
ClCompile:
  C:\Program Files (x86)\Microsoft Visual Studio\2019\Community\VC\Tools\MSVC\14.29.30037\bin\HostX64\x86\CL.exe /c /I"C:\dev\vcpkg\scripts\buildsystems\msbuild\..\..\..\installed\x86-windows\include" /nologo /W0 /WX- /diagnostics:column /Od /Oy- /D _MBCS /Gm- /EHsc /RTC1 /MDd /GS /fp:precise /Zc:wchar_t /Zc:forScope /Zc:inline /Fo"Debug\\" /Fd"Debug\vc142.pdb" /external:W0 /Gd /TC /analyze- /FC /errorReport:queue CMakeCCompilerId.c
  CMakeCCompilerId.c
Link:
  C:\Program Files (x86)\Microsoft Visual Studio\2019\Community\VC\Tools\MSVC\14.29.30037\bin\HostX64\x86\link.exe /ERRORREPORT:QUEUE /OUT:".\CompilerIdC.exe" /INCREMENTAL:NO /NOLOGO /LIBPATH:"C:\dev\vcpkg\scripts\buildsystems\msbuild\..\..\..\installed\x86-windows\debug\lib" /LIBPATH:"C:\dev\vcpkg\scripts\buildsystems\msbuild\..\..\..\installed\x86-windows\debug\lib\manual-link" kernel32.lib user32.lib gdi32.lib winspool.lib comdlg32.lib advapi32.lib shell32.lib ole32.lib oleaut32.lib uuid.lib odbc32.lib odbccp32.lib "C:\dev\vcpkg\scripts\buildsystems\msbuild\..\..\..\installed\x86-windows\debug\lib\*.lib" /MANIFEST /MANIFESTUAC:"level='asInvoker' uiAccess='false'" /manifest:embed /PDB:".\CompilerIdC.pdb" /SUBSYSTEM:CONSOLE /TLBID:1 /DYNAMICBASE /NXCOMPAT /IMPLIB:".\CompilerIdC.lib" /MACHINE:X86 /SAFESEH Debug\CMakeCCompilerId.obj
  CompilerIdC.vcxproj -> C:\projects\INTHEDARK\BUILD\CMakeFiles\3.20.0-rc4\CompilerIdC\CompilerIdC.exe
AppLocalFromInstalled:
  pwsh.exe -ExecutionPolicy Bypass -noprofile -File "C:\dev\vcpkg\scripts\buildsystems\msbuild\applocal.ps1" "C:\projects\INTHEDARK\BUILD\CMakeFiles\3.20.0-rc4\CompilerIdC\CompilerIdC.exe" "C:\dev\vcpkg\scripts\buildsystems\msbuild\..\..\..\installed\x86-windows\debug\bin" "Debug\CompilerIdC.tlog\CompilerIdC.write.1u.tlog" "Debug\vcpkg.applocal.log"
PostBuildEvent:
  for %%i in (cl.exe) do @echo CMAKE_C_COMPILER=%%~$PATH:i
  :VCEnd
  CMAKE_C_COMPILER=C:\Program Files (x86)\Microsoft Visual Studio\2019\Community\VC\Tools\MSVC\14.29.30037\bin\Hostx64\x86\cl.exe
FinalizeBuildStatus:
  Deleting file "Debug\CompilerIdC.tlog\unsuccessfulbuild".
  Touching "Debug\CompilerIdC.tlog\CompilerIdC.lastbuildstate".
Done Building Project "C:\projects\INTHEDARK\BUILD\CMakeFiles\3.20.0-rc4\CompilerIdC\CompilerIdC.vcxproj" (default targets).

Build succeeded.
    0 Warning(s)
    0 Error(s)

Time Elapsed 00:00:01.56


Compilation of the C compiler identification source "CMakeCCompilerId.c" produced "CompilerIdC.exe"

Compilation of the C compiler identification source "CMakeCCompilerId.c" produced "CompilerIdC.vcxproj"

The C compiler identification is MSVC, found in "C:/projects/INTHEDARK/BUILD/CMakeFiles/3.20.0-rc4/CompilerIdC/CompilerIdC.exe"

Compiling the CXX compiler identification source file "CMakeCXXCompilerId.cpp" succeeded.
Compiler:  
Build flags: 
Id flags:  

The output was:
0
Microsoft (R) Build Engine version 16.10.2+857e5a733 for .NET Framework
Copyright (C) Microsoft Corporation. All rights reserved.

Build started 8/13/2021 5:59:02 PM.
Project "C:\projects\INTHEDARK\BUILD\CMakeFiles\3.20.0-rc4\CompilerIdCXX\CompilerIdCXX.vcxproj" on node 1 (default targets).
PrepareForBuild:
  Creating directory "Debug\".
  Creating directory "Debug\CompilerIdCXX.tlog\".
InitializeBuildStatus:
  Creating "Debug\CompilerIdCXX.tlog\unsuccessfulbuild" because "AlwaysCreate" was specified.
VcpkgTripletSelection:
  Using triplet "x86-windows" from "C:\dev\vcpkg\scripts\buildsystems\msbuild\..\..\..\installed\x86-windows\"
ClCompile:
  C:\Program Files (x86)\Microsoft Visual Studio\2019\Community\VC\Tools\MSVC\14.29.30037\bin\HostX64\x86\CL.exe /c /I"C:\dev\vcpkg\scripts\buildsystems\msbuild\..\..\..\installed\x86-windows\include" /nologo /W0 /WX- /diagnostics:column /Od /Oy- /D _MBCS /Gm- /EHsc /RTC1 /MDd /GS /fp:precise /Zc:wchar_t /Zc:forScope /Zc:inline /Fo"Debug\\" /Fd"Debug\vc142.pdb" /external:W0 /Gd /TP /analyze- /FC /errorReport:queue CMakeCXXCompilerId.cpp
  CMakeCXXCompilerId.cpp
Link:
  C:\Program Files (x86)\Microsoft Visual Studio\2019\Community\VC\Tools\MSVC\14.29.30037\bin\HostX64\x86\link.exe /ERRORREPORT:QUEUE /OUT:".\CompilerIdCXX.exe" /INCREMENTAL:NO /NOLOGO /LIBPATH:"C:\dev\vcpkg\scripts\buildsystems\msbuild\..\..\..\installed\x86-windows\debug\lib" /LIBPATH:"C:\dev\vcpkg\scripts\buildsystems\msbuild\..\..\..\installed\x86-windows\debug\lib\manual-link" kernel32.lib user32.lib gdi32.lib winspool.lib comdlg32.lib advapi32.lib shell32.lib ole32.lib oleaut32.lib uuid.lib odbc32.lib odbccp32.lib "C:\dev\vcpkg\scripts\buildsystems\msbuild\..\..\..\installed\x86-windows\debug\lib\*.lib" /MANIFEST /MANIFESTUAC:"level='asInvoker' uiAccess='false'" /manifest:embed /PDB:".\CompilerIdCXX.pdb" /SUBSYSTEM:CONSOLE /TLBID:1 /DYNAMICBASE /NXCOMPAT /IMPLIB:".\CompilerIdCXX.lib" /MACHINE:X86 /SAFESEH Debug\CMakeCXXCompilerId.obj
  CompilerIdCXX.vcxproj -> C:\projects\INTHEDARK\BUILD\CMakeFiles\3.20.0-rc4\CompilerIdCXX\CompilerIdCXX.exe
AppLocalFromInstalled:
  pwsh.exe -ExecutionPolicy Bypass -noprofile -File "C:\dev\vcpkg\scripts\buildsystems\msbuild\applocal.ps1" "C:\projects\INTHEDARK\BUILD\CMakeFiles\3.20.0-rc4\CompilerIdCXX\CompilerIdCXX.exe" "C:\dev\vcpkg\scripts\buildsystems\msbuild\..\..\..\installed\x86-windows\debug\bin" "Debug\CompilerIdCXX.tlog\CompilerIdCXX.write.1u.tlog" "Debug\vcpkg.applocal.log"
PostBuildEvent:
  for %%i in (cl.exe) do @echo CMAKE_CXX_COMPILER=%%~$PATH:i
  :VCEnd
  CMAKE_CXX_COMPILER=C:\Program Files (x86)\Microsoft Visual Studio\2019\Community\VC\Tools\MSVC\14.29.30037\bin\Hostx64\x86\cl.exe
FinalizeBuildStatus:
  Deleting file "Debug\CompilerIdCXX.tlog\unsuccessfulbuild".
  Touching "Debug\CompilerIdCXX.tlog\CompilerIdCXX.lastbuildstate".
Done Building Project "C:\projects\INTHEDARK\BUILD\CMakeFiles\3.20.0-rc4\CompilerIdCXX\CompilerIdCXX.vcxproj" (default targets).

Build succeeded.
    0 Warning(s)
    0 Error(s)

Time Elapsed 00:00:01.39


Compilation of the CXX compiler identification source "CMakeCXXCompilerId.cpp" produced "CompilerIdCXX.exe"

Compilation of the CXX compiler identification source "CMakeCXXCompilerId.cpp" produced "CompilerIdCXX.vcxproj"

The CXX compiler identification is MSVC, found in "C:/projects/INTHEDARK/BUILD/CMakeFiles/3.20.0-rc4/CompilerIdCXX/CompilerIdCXX.exe"

Detecting C compiler ABI info compiled with the following output:
Change Dir: C:/projects/INTHEDARK/BUILD/CMakeFiles/CMakeTmp

Run Build Command(s):C:/Program Files (x86)/Microsoft Visual Studio/2019/Community/MSBuild/Current/Bin/MSBuild.exe cmTC_92597.vcxproj /p:Configuration=Debug /p:Platform=Win32 /p:VisualStudioVersion=16.0 /v:m && Microsoft (R) Build Engine version 16.10.2+857e5a733 for .NET Framework
Copyright (C) Microsoft Corporation. All rights reserved.

  Microsoft (R) C/C++ Optimizing Compiler Version 19.29.30040 for x86
  Copyright (C) Microsoft Corporation.  All rights reserved.
  CMakeCCompilerABI.c
  cl /c /Zi /W3 /WX- /diagnostics:column /Od /Ob0 /Oy- /D WIN32 /D _WINDOWS /D "CMAKE_INTDIR=\"Debug\"" /D _MBCS /Gm- /RTC1 /MDd /GS /fp:precise /Zc:wchar_t /Zc:forScope /Zc:inline /Fo"cmTC_92597.dir\Debug\\" /Fd"cmTC_92597.dir\Debug\vc142.pdb" /external:W3 /Gd /TC /analyze- /errorReport:queue "C:\Program Files\CMake\share\cmake-3.20\Modules\CMakeCCompilerABI.c"
  cmTC_92597.vcxproj -> C:\projects\INTHEDARK\BUILD\CMakeFiles\CMakeTmp\Debug\cmTC_92597.exe



Detecting CXX compiler ABI info compiled with the following output:
Change Dir: C:/projects/INTHEDARK/BUILD/CMakeFiles/CMakeTmp

Run Build Command(s):C:/Program Files (x86)/Microsoft Visual Studio/2019/Community/MSBuild/Current/Bin/MSBuild.exe cmTC_15f1a.vcxproj /p:Configuration=Debug /p:Platform=Win32 /p:VisualStudioVersion=16.0 /v:m && Microsoft (R) Build Engine version 16.10.2+857e5a733 for .NET Framework
Copyright (C) Microsoft Corporation. All rights reserved.

  Microsoft (R) C/C++ Optimizing Compiler Version 19.29.30040 for x86
  Copyright (C) Microsoft Corporation.  All rights reserved.
  CMakeCXXCompilerABI.cpp
  cl /c /Zi /W3 /WX- /diagnostics:column /Od /Ob0 /Oy- /D WIN32 /D _WINDOWS /D "CMAKE_INTDIR=\"Debug\"" /D _MBCS /Gm- /EHsc /RTC1 /MDd /GS /fp:precise /Zc:wchar_t /Zc:forScope /Zc:inline /GR /Fo"cmTC_15f1a.dir\Debug\\" /Fd"cmTC_15f1a.dir\Debug\vc142.pdb" /external:W3 /Gd /TP /analyze- /errorReport:queue "C:\Program Files\CMake\share\cmake-3.20\Modules\CMakeCXXCompilerABI.cpp"
  cmTC_15f1a.vcxproj -> C:\projects\INTHEDARK\BUILD\CMakeFiles\CMakeTmp\Debug\cmTC_15f1a.exe



